<?xml version="1.0" encoding="UTF-8"?>
<testsuite xmlns:xsi="http://www.w3.org/2001/XMLSchema-instance" xsi:noNamespaceSchemaLocation="https://maven.apache.org/surefire/maven-surefire-plugin/xsd/surefire-test-report-3.0.xsd" version="3.0" name="addressbook.AddressBookTest" time="0.343" tests="6" errors="0" skipped="0" failures="0">
  <properties>
[...]
</properties>
  <testcase name="testDeleteContactSuccessfully" classname="addressbook.AddressBookTest" time="0.247">
    <system-out><![CDATA[08:42:44.698 [main] INFO addressbook.AddressBook -- Enter First Name:
08:42:44.703 [main] INFO addressbook.AddressBook -- Enter Last Name:
08:42:44.705 [main] INFO addressbook.AddressBook -- Enter Address:
08:42:44.705 [main] INFO addressbook.AddressBook -- Enter City:
08:42:44.705 [main] INFO addressbook.AddressBook -- Enter State:
08:42:44.705 [main] INFO addressbook.AddressBook -- Enter Zip code (6 digits):
08:42:44.705 [main] INFO addressbook.AddressBook -- Enter Phone Number (10 digits):
08:42:44.706 [main] INFO addressbook.AddressBook -- Enter Email:
08:42:44.708 [main] INFO addressbook.AddressBook -- Contact added successfully!
08:42:44.708 [main] INFO addressbook.AddressBook -- Enter the firstname of the person to delete:
08:42:44.708 [main] INFO addressbook.AddressBook -- Enter the lastname of the person to delete:
08:42:44.709 [main] INFO addressbook.AddressBook -- Contact deleted successfully.
]]></system-out>
  </testcase>
  <testcase name="testAddContactSuccessfully" classname="addressbook.AddressBookTest" time="0.011">
    <system-out><![CDATA[08:42:44.734 [main] INFO addressbook.AddressBook -- Enter First Name:
08:42:44.734 [main] INFO addressbook.AddressBook -- Enter Last Name:
08:42:44.734 [main] INFO addressbook.AddressBook -- Enter Address:
08:42:44.734 [main] INFO addressbook.AddressBook -- Enter City:
08:42:44.734 [main] INFO addressbook.AddressBook -- Enter State:
08:42:44.734 [main] INFO addressbook.AddressBook -- Enter Zip code (6 digits):
08:42:44.734 [main] INFO addressbook.AddressBook -- Enter Phone Number (10 digits):
08:42:44.734 [main] INFO addressbook.AddressBook -- Enter Email:
08:42:44.734 [main] INFO addressbook.AddressBook -- Contact added successfully!
]]></system-out>
  </testcase>
  <testcase name="testEditContactNotFound" classname="addressbook.AddressBookTest" time="0.008">
    <system-out><![CDATA[08:42:44.744 [main] INFO addressbook.AddressBook -- Enter the firstname of the person to edit:
08:42:44.746 [main] INFO addressbook.AddressBook -- Enter the lastname of the person to edit:
]]></system-out>
  </testcase>
  <testcase name="testDuplicateContactNotAdded" classname="addressbook.AddressBookTest" time="0.006">
    <system-out><![CDATA[08:42:44.749 [main] INFO addressbook.AddressBook -- Enter First Name:
08:42:44.749 [main] INFO addressbook.AddressBook -- Enter Last Name:
08:42:44.749 [main] INFO addressbook.AddressBook -- Enter Address:
08:42:44.749 [main] INFO addressbook.AddressBook -- Enter City:
08:42:44.749 [main] INFO addressbook.AddressBook -- Enter State:
08:42:44.749 [main] INFO addressbook.AddressBook -- Enter Zip code (6 digits):
08:42:44.749 [main] INFO addressbook.AddressBook -- Enter Phone Number (10 digits):
08:42:44.749 [main] INFO addressbook.AddressBook -- Enter Email:
08:42:44.749 [main] INFO addressbook.AddressBook -- Contact added successfully!
08:42:44.749 [main] INFO addressbook.AddressBook -- Enter First Name:
08:42:44.749 [main] INFO addressbook.AddressBook -- Enter Last Name:
08:42:44.749 [main] INFO addressbook.AddressBook -- Enter Address:
08:42:44.749 [main] INFO addressbook.AddressBook -- Enter City:
08:42:44.749 [main] INFO addressbook.AddressBook -- Enter State:
08:42:44.749 [main] INFO addressbook.AddressBook -- Enter Zip code (6 digits):
08:42:44.752 [main] INFO addressbook.AddressBook -- Enter Phone Number (10 digits):
08:42:44.752 [main] INFO addressbook.AddressBook -- Enter Email:
08:42:44.752 [main] WARN addressbook.AddressBook -- Duplicate Entry Found!
]]></system-out>
  </testcase>
  <testcase name="testDeleteContactNotFound" classname="addressbook.AddressBookTest" time="0.002">
    <system-out><![CDATA[08:42:44.757 [main] INFO addressbook.AddressBook -- Enter the firstname of the person to delete:
08:42:44.757 [main] INFO addressbook.AddressBook -- Enter the lastname of the person to delete:
08:42:44.757 [main] INFO addressbook.AddressBook -- Contact not found.
]]></system-out>
  </testcase>
  <testcase name="testEditContactFirstName" classname="addressbook.AddressBookTest" time="0.01">
    <system-out><![CDATA[08:42:44.762 [main] INFO addressbook.AddressBook -- Enter First Name:
08:42:44.762 [main] INFO addressbook.AddressBook -- Enter Last Name:
08:42:44.762 [main] INFO addressbook.AddressBook -- Enter Address:
08:42:44.762 [main] INFO addressbook.AddressBook -- Enter City:
08:42:44.762 [main] INFO addressbook.AddressBook -- Enter State:
08:42:44.762 [main] INFO addressbook.AddressBook -- Enter Zip code (6 digits):
08:42:44.762 [main] INFO addressbook.AddressBook -- Enter Phone Number (10 digits):
08:42:44.762 [main] INFO addressbook.AddressBook -- Enter Email:
08:42:44.763 [main] INFO addressbook.AddressBook -- Contact added successfully!
08:42:44.763 [main] INFO addressbook.AddressBook -- Enter the firstname of the person to edit:
08:42:44.763 [main] INFO addressbook.AddressBook -- Enter the lastname of the person to edit:
08:42:44.763 [main] INFO addressbook.AddressBook -- Enter the field you want to change:
08:42:44.763 [main] INFO addressbook.AddressBook -- Enter new value:
]]></system-out>
  </testcase>
</testsuite>