<?xml version="1.0" encoding="UTF-8"?>
<testsuite xmlns:xsi="http://www.w3.org/2001/XMLSchema-instance" xsi:noNamespaceSchemaLocation="https://maven.apache.org/surefire/maven-surefire-plugin/xsd/surefire-test-report-3.0.xsd" version="3.0" name="addressbook.ContactTest" time="0.035" tests="7" errors="0" skipped="0" failures="0">
  <properties>
[...]
</properties>
  <testcase name="testToStringContainsImportantFields" classname="addressbook.ContactTest" time="0.01"/>
  <testcase name="testNotEqualsDifferentLastName" classname="addressbook.ContactTest" time="0.004"/>
  <testcase name="testContactConstructorAndGetters" classname="addressbook.ContactTest" time="0.0"/>
  <testcase name="testNotEqualsDifferentFirstName" classname="addressbook.ContactTest" time="0.001"/>
  <testcase name="testNotEqualsNullAndDifferentClass" classname="addressbook.ContactTest" time="0.004"/>
  <testcase name="testEqualsSameObject" classname="addressbook.ContactTest" time="0.002"/>
  <testcase name="testEqualsDifferentObjectsSameNameDifferentCase" classname="addressbook.ContactTest" time="0.004"/>
</testsuite>