<?xml version="1.0" encoding="UTF-8"?>
<testsuite xmlns:xsi="http://www.w3.org/2001/XMLSchema-instance" xsi:noNamespaceSchemaLocation="https://maven.apache.org/surefire/maven-surefire-plugin/xsd/surefire-test-report-3.0.xsd" version="3.0" name="addressbook.DictionaryTest" time="0.063" tests="9" errors="0" skipped="0" failures="0">
  <properties>
[...]
</properties>
  <testcase name="testFindByCityAndName" classname="addressbook.DictionaryTest" time="0.016">
    <system-out><![CDATA[08:42:44.833 [main] INFO addressbook.Dictionary -- Address Book 'Family' created successfully.
08:42:44.844 [main] INFO addressbook.Dictionary -- Family ->
08:42:44.844 [main] INFO addressbook.Dictionary -- John Doe address : Addr , Pune , MH ZIP - 411001 phnNo. = 9876543210 @-> john@test.com
]]></system-out>
  </testcase>
  <testcase name="testSortByCityStateOrZip" classname="addressbook.DictionaryTest" time="0.004">
    <system-out><![CDATA[08:42:44.848 [main] INFO addressbook.Dictionary -- Address Book 'LocationSort' created successfully.
08:42:44.850 [main] INFO addressbook.Dictionary -- [Jane Doe address : Addr , Pune , MH ZIP - 411001 phnNo. = 9876543211 @-> j2@test.com, John Doe address : Addr , Pune , MH ZIP - 411002 phnNo. = 9876543210 @-> j@test.com]
]]></system-out>
  </testcase>
  <testcase name="testSortAlphabetically" classname="addressbook.DictionaryTest" time="0.005">
    <system-out><![CDATA[08:42:44.852 [main] INFO addressbook.Dictionary -- Address Book 'SortedBook' created successfully.
08:42:44.854 [main] INFO addressbook.Dictionary -- [Adam Beta address : Addr , City , ST ZIP - 123457 phnNo. = 9000000002 @-> a@test.com, Zack Alpha address : Addr , City , ST ZIP - 123456 phnNo. = 9000000001 @-> z@test.com]
]]></system-out>
  </testcase>
  <testcase name="testFindInvalidPersonFormat" classname="addressbook.DictionaryTest" time="0.004">
    <system-out><![CDATA[08:42:44.859 [main] INFO addressbook.Dictionary -- Address Book 'Family' created successfully.
08:42:44.859 [main] WARN addressbook.Dictionary -- Invalid person format. Expected 'First Last'.
]]></system-out>
  </testcase>
  <testcase name="testViewByCityOrStateDoesNotThrowException" classname="addressbook.DictionaryTest" time="0.008">
    <system-out><![CDATA[08:42:44.863 [main] INFO addressbook.Dictionary -- Address Book 'Friends' created successfully.
08:42:44.863 [main] INFO addressbook.Dictionary -- Mumbai:
08:42:44.863 [main] INFO addressbook.Dictionary -- Jane Doe address : Addr , Mumbai , MH ZIP - 400001 phnNo. = 9876543211 @-> jane@test.com
08:42:44.868 [main] INFO addressbook.Dictionary -- MH:
08:42:44.869 [main] INFO addressbook.Dictionary -- Jane Doe address : Addr , Mumbai , MH ZIP - 400001 phnNo. = 9876543211 @-> jane@test.com
]]></system-out>
  </testcase>
  <testcase name="testAddAddressBookSuccessfully" classname="addressbook.DictionaryTest" time="0.001">
    <system-out><![CDATA[08:42:44.871 [main] INFO addressbook.Dictionary -- Address Book 'Friends' created successfully.
]]></system-out>
  </testcase>
  <testcase name="testCountByCityOrStateDoesNotThrowException" classname="addressbook.DictionaryTest" time="0.0">
    <system-out><![CDATA[08:42:44.873 [main] INFO addressbook.Dictionary -- Address Book 'Office' created successfully.
08:42:44.873 [main] INFO addressbook.Dictionary -- Count By City: 1
08:42:44.873 [main] INFO addressbook.Dictionary -- Count is 0
08:42:44.873 [main] INFO addressbook.Dictionary -- Count is 0
08:42:44.873 [main] INFO addressbook.Dictionary -- Count By State: 1
]]></system-out>
  </testcase>
  <testcase name="testGetAddressBookReturnsNullIfNotExists" classname="addressbook.DictionaryTest" time="0.002"/>
  <testcase name="testAddDuplicateAddressBookNotAdded" classname="addressbook.DictionaryTest" time="0.003">
    <system-out><![CDATA[08:42:44.884 [main] INFO addressbook.Dictionary -- Address Book 'Friends' created successfully.
08:42:44.885 [main] WARN addressbook.Dictionary -- Address Book with this name already exists!
]]></system-out>
  </testcase>
</testsuite>